<?xml version="1.0" encoding="UTF-8"?>
<testng-results ignored="2" total="5" passed="2" failed="1" skipped="0">
  <reporter-output>
  </reporter-output>
  <suite started-at="2025-06-30T15:01:18 IST" name="Suite" finished-at="2025-06-30T15:01:51 IST" duration-ms="32615">
    <groups>
      <group name="RegressionSuite">
        <method signature="AddLowestPriceProductToCart.tc_002_AddLowestPriceProductToCartTest()[pri:0, instance:InventoryTests.AddLowestPriceProductToCart@77847718]" name="tc_002_AddLowestPriceProductToCartTest" class="InventoryTests.AddLowestPriceProductToCart"/>
      </group> <!-- RegressionSuite -->
      <group name="SmokeSuite">
        <method signature="AddToCart.tc_001_AddProductToCartTest()[pri:0, instance:InventoryTests.AddToCart@36902638]" name="tc_001_AddProductToCartTest" class="InventoryTests.AddToCart"/>
      </group> <!-- SmokeSuite -->
    </groups>
    <test started-at="2025-06-30T15:01:18 IST" name="Test" finished-at="2025-06-30T15:01:51 IST" duration-ms="32615">
      <class name="InventoryTests.AddToCart">
        <test-method is-config="true" signature="bsconfig()[pri:0, instance:InventoryTests.AddToCart@36902638]" started-at="2025-06-30T15:01:18 IST" name="bsconfig" finished-at="2025-06-30T15:01:18 IST" duration-ms="18" status="PASS">
          <reporter-output>
          </reporter-output>
        </test-method> <!-- bsconfig -->
        <test-method is-config="true" signature="bcconfig()[pri:0, instance:InventoryTests.AddToCart@36902638]" started-at="2025-06-30T15:01:18 IST" name="bcconfig" finished-at="2025-06-30T15:01:30 IST" duration-ms="11133" status="PASS">
          <reporter-output>
          </reporter-output>
        </test-method> <!-- bcconfig -->
        <test-method is-config="true" signature="bmconfig()[pri:0, instance:InventoryTests.AddToCart@36902638]" started-at="2025-06-30T15:01:30 IST" name="bmconfig" finished-at="2025-06-30T15:01:30 IST" duration-ms="743" status="PASS">
          <reporter-output>
          </reporter-output>
        </test-method> <!-- bmconfig -->
        <test-method signature="sample()[pri:0, instance:InventoryTests.AddToCart@36902638]" started-at="2025-06-30T15:01:30 IST" name="sample" finished-at="2025-06-30T15:01:30 IST" duration-ms="127" status="FAIL">
          <exception class="java.lang.AssertionError">
            <message>
              <![CDATA[null]]>
            </message>
            <full-stacktrace>
              <![CDATA[java.lang.AssertionError: null
at org.testng.Assert.fail(Assert.java:99)
at org.testng.Assert.fail(Assert.java:106)
at InventoryTests.AddToCart.sample(AddToCart.java:90)
at java.base/jdk.internal.reflect.DirectMethodHandleAccessor.invoke(DirectMethodHandleAccessor.java:103)
at java.base/java.lang.reflect.Method.invoke(Method.java:580)
at org.testng.internal.MethodInvocationHelper.invokeMethod(MethodInvocationHelper.java:133)
at org.testng.internal.TestInvoker.invokeMethod(TestInvoker.java:598)
at org.testng.internal.TestInvoker.invokeTestMethod(TestInvoker.java:173)
at org.testng.internal.MethodRunner.runInSequence(MethodRunner.java:46)
at org.testng.internal.TestInvoker$MethodInvocationAgent.invoke(TestInvoker.java:824)
at org.testng.internal.TestInvoker.invokeTestMethods(TestInvoker.java:146)
at org.testng.internal.TestMethodWorker.invokeTestMethods(TestMethodWorker.java:146)
at org.testng.internal.TestMethodWorker.run(TestMethodWorker.java:128)
at java.base/java.util.ArrayList.forEach(ArrayList.java:1596)
at org.testng.TestRunner.privateRun(TestRunner.java:794)
at org.testng.TestRunner.run(TestRunner.java:596)
at org.testng.SuiteRunner.runTest(SuiteRunner.java:377)
at org.testng.SuiteRunner.runSequentially(SuiteRunner.java:371)
at org.testng.SuiteRunner.privateRun(SuiteRunner.java:332)
at org.testng.SuiteRunner.run(SuiteRunner.java:276)
at org.testng.SuiteRunnerWorker.runSuite(SuiteRunnerWorker.java:53)
at org.testng.SuiteRunnerWorker.run(SuiteRunnerWorker.java:96)
at org.testng.TestNG.runSuitesSequentially(TestNG.java:1212)
at org.testng.TestNG.runSuitesLocally(TestNG.java:1134)
at org.testng.TestNG.runSuites(TestNG.java:1063)
at org.testng.TestNG.run(TestNG.java:1031)
at org.testng.remote.AbstractRemoteTestNG.run(AbstractRemoteTestNG.java:115)
at org.testng.remote.RemoteTestNG.initAndRun(RemoteTestNG.java:293)
at org.testng.remote.RemoteTestNG.main(RemoteTestNG.java:91)
]]>
            </full-stacktrace>
          </exception> <!-- java.lang.AssertionError -->
          <reporter-output>
          </reporter-output>
        </test-method> <!-- sample -->
        <test-method is-config="true" signature="amconfig()[pri:0, instance:InventoryTests.AddToCart@36902638]" started-at="2025-06-30T15:01:31 IST" name="amconfig" finished-at="2025-06-30T15:01:31 IST" duration-ms="539" status="PASS">
          <reporter-output>
          </reporter-output>
        </test-method> <!-- amconfig -->
        <test-method is-config="true" signature="bmconfig()[pri:0, instance:InventoryTests.AddToCart@36902638]" started-at="2025-06-30T15:01:31 IST" name="bmconfig" finished-at="2025-06-30T15:01:32 IST" duration-ms="402" status="PASS">
          <reporter-output>
          </reporter-output>
        </test-method> <!-- bmconfig -->
        <test-method signature="tc_001_AddProductToCartTest()[pri:0, instance:InventoryTests.AddToCart@36902638]" started-at="2025-06-30T15:01:32 IST" name="tc_001_AddProductToCartTest" finished-at="2025-06-30T15:01:34 IST" duration-ms="2711" status="PASS">
          <reporter-output>
          </reporter-output>
        </test-method> <!-- tc_001_AddProductToCartTest -->
        <test-method is-config="true" signature="amconfig()[pri:0, instance:InventoryTests.AddToCart@36902638]" started-at="2025-06-30T15:01:34 IST" name="amconfig" finished-at="2025-06-30T15:01:35 IST" duration-ms="540" status="PASS">
          <reporter-output>
          </reporter-output>
        </test-method> <!-- amconfig -->
        <test-method is-config="true" signature="acconfig()[pri:0, instance:InventoryTests.AddToCart@36902638]" started-at="2025-06-30T15:01:35 IST" name="acconfig" finished-at="2025-06-30T15:01:36 IST" duration-ms="1426" status="PASS">
          <reporter-output>
          </reporter-output>
        </test-method> <!-- acconfig -->
        <test-method is-config="true" signature="asconfig()[pri:0, instance:InventoryTests.AddToCart@36902638]" started-at="2025-06-30T15:01:52 IST" name="asconfig" finished-at="2025-06-30T15:01:52 IST" duration-ms="1" status="PASS">
          <reporter-output>
          </reporter-output>
        </test-method> <!-- asconfig -->
      </class> <!-- InventoryTests.AddToCart -->
      <class name="InventoryTests.AddLowestPriceProductToCart">
        <test-method is-config="true" signature="bcconfig()[pri:0, instance:InventoryTests.AddLowestPriceProductToCart@77847718]" started-at="2025-06-30T15:01:36 IST" name="bcconfig" finished-at="2025-06-30T15:01:47 IST" duration-ms="10388" status="PASS">
          <reporter-output>
          </reporter-output>
        </test-method> <!-- bcconfig -->
        <test-method is-config="true" signature="bmconfig()[pri:0, instance:InventoryTests.AddLowestPriceProductToCart@77847718]" started-at="2025-06-30T15:01:47 IST" name="bmconfig" finished-at="2025-06-30T15:01:47 IST" duration-ms="533" status="PASS">
          <reporter-output>
          </reporter-output>
        </test-method> <!-- bmconfig -->
        <test-method signature="tc_002_AddLowestPriceProductToCartTest()[pri:0, instance:InventoryTests.AddLowestPriceProductToCart@77847718]" started-at="2025-06-30T15:01:47 IST" name="tc_002_AddLowestPriceProductToCartTest" finished-at="2025-06-30T15:01:49 IST" duration-ms="1545" status="PASS">
          <reporter-output>
          </reporter-output>
        </test-method> <!-- tc_002_AddLowestPriceProductToCartTest -->
        <test-method is-config="true" signature="amconfig()[pri:0, instance:InventoryTests.AddLowestPriceProductToCart@77847718]" started-at="2025-06-30T15:01:49 IST" name="amconfig" finished-at="2025-06-30T15:01:49 IST" duration-ms="550" status="PASS">
          <reporter-output>
          </reporter-output>
        </test-method> <!-- amconfig -->
        <test-method is-config="true" signature="acconfig()[pri:0, instance:InventoryTests.AddLowestPriceProductToCart@77847718]" started-at="2025-06-30T15:01:49 IST" name="acconfig" finished-at="2025-06-30T15:01:51 IST" duration-ms="1284" status="PASS">
          <reporter-output>
          </reporter-output>
        </test-method> <!-- acconfig -->
      </class> <!-- InventoryTests.AddLowestPriceProductToCart -->
    </test> <!-- Test -->
  </suite> <!-- Suite -->
</testng-results>
